<?xml version="1.0" encoding="UTF-8"?>
<!-- Generated by org.testng.reporters.JUnitReportReporter -->
<testsuite hostname="DESKTOP-VPOCKJB" failures="0" tests="4" name="testcases.demotestng" time="0.030" errors="0" timestamp="2023-12-18T11:32:42 IST" skipped="0">
  <testcase classname="testcases.demotestng" name="test4" time="0.003"/>
  <testcase classname="testcases.demotestng" name="test1" time="0.019"/>
  <testcase classname="testcases.demotestng" name="test3" time="0.004"/>
  <testcase classname="testcases.demotestng" name="test2" time="0.004"/>
  <system-out>
    <![CDATA[Welcome to login page
Welcome to login page
Welcome to login page
Welcome to login page]]>
  </system-out>
</testsuite> <!-- testcases.demotestng -->
