<?xml version="1.0" encoding="UTF-8"?>
<!-- Generated by org.testng.reporters.JUnitReportReporter -->
<testsuite hostname="DESKTOP-VPOCKJB" failures="0" tests="1" name="testcases.Signuptest" time="6.792" errors="0" timestamp="2023-12-18T11:43:49 IST" skipped="0">
  <testcase classname="testcases.Signuptest" name="signup" time="6.792"/>
  <system-out>
    <![CDATA[Welcome to login page
Welcome to login page
Welcome to login page
Welcome to login page]]>
  </system-out>
</testsuite> <!-- testcases.Signuptest -->
