<?xml version="1.0" encoding="UTF-8"?>
<!-- Generated by org.testng.reporters.JUnitReportReporter -->
<testsuite hostname="DESKTOP-VPOCKJB" failures="0" tests="4" name="testcases.Logintest" time="36.082" errors="0" timestamp="2023-12-18T11:43:49 IST" skipped="0">
  <testcase classname="testcases.Logintest" name="LoginWith_Valid_Credentials" time="8.532">
    <system-out>
      <![CDATA[Welcome to login page]]>
    </system-out>
  </testcase> <!-- LoginWith_Valid_Credentials -->
  <testcase classname="testcases.Logintest" name="LoginWith_Valid_Credentials" time="8.436">
    <system-out>
      <![CDATA[Welcome to login page]]>
    </system-out>
  </testcase> <!-- LoginWith_Valid_Credentials -->
  <testcase classname="testcases.Logintest" name="LoginWith_Valid_Credentials" time="10.189">
    <system-out>
      <![CDATA[Welcome to login page]]>
    </system-out>
  </testcase> <!-- LoginWith_Valid_Credentials -->
  <testcase classname="testcases.Logintest" name="LoginWith_Valid_Credentials" time="8.925">
    <system-out>
      <![CDATA[Welcome to login page]]>
    </system-out>
  </testcase> <!-- LoginWith_Valid_Credentials -->
  <system-out>
    <![CDATA[Welcome to login page
Welcome to login page
Welcome to login page
Welcome to login page]]>
  </system-out>
</testsuite> <!-- testcases.Logintest -->
