<?xml version="1.0" encoding="UTF-8"?>
<!-- Generated by org.testng.reporters.JUnitReportReporter -->
<testsuite hostname="DESKTOP-VPOCKJB" failures="0" tests="4" name="testcases.lmsprioritytest" time="0.006" errors="0" timestamp="2023-12-18T11:32:42 IST" skipped="0">
  <testcase classname="testcases.lmsprioritytest" name="Login" time="0.002"/>
  <testcase classname="testcases.lmsprioritytest" name="addskillset" time="0.001"/>
  <testcase classname="testcases.lmsprioritytest" name="addeducationdetails" time="0.001"/>
  <testcase classname="testcases.lmsprioritytest" name="logout" time="0.002"/>
  <system-out>
    <![CDATA[Welcome to login page
Welcome to login page
Welcome to login page
Welcome to login page]]>
  </system-out>
</testsuite> <!-- testcases.lmsprioritytest -->
