<?xml version="1.0" encoding="UTF-8"?>
<!-- Generated by org.testng.reporters.JUnitReportReporter -->
<testsuite hostname="DESKTOP-VPOCKJB" failures="0" tests="4" name="testcases.HomePagetest" time="13.084" errors="0" timestamp="2023-12-18T12:05:49 IST" skipped="0">
  <testcase classname="testcases.HomePagetest" name="verifytitle_on_hompage" time="2.962"/>
  <testcase classname="testcases.HomePagetest" name="verifylogo_on_homepage" time="3.017"/>
  <testcase classname="testcases.HomePagetest" name="verify_allmenuitems_on_homepage" time="3.849"/>
  <testcase classname="testcases.HomePagetest" name="verify_product_features_presence" time="3.256"/>
  <system-out>
    <![CDATA[Welcome to login page
Welcome to login page
Welcome to login page
Welcome to login page]]>
  </system-out>
</testsuite> <!-- testcases.HomePagetest -->
