<?xml version="1.0" encoding="UTF-8"?>
<!-- Generated by org.testng.reporters.JUnitReportReporter -->
<testsuite hostname="DESKTOP-VPOCKJB" failures="0" tests="4" name="testcases.Logintest" time="31.847" errors="0" timestamp="2023-12-18T12:05:49 IST" skipped="0">
  <testcase classname="testcases.Logintest" name="LoginWith_Valid_Credentials" time="8.933">
    <system-out>
      <![CDATA[Welcome to login page]]>
    </system-out>
  </testcase> <!-- LoginWith_Valid_Credentials -->
  <testcase classname="testcases.Logintest" name="LoginWith_Valid_Credentials" time="7.352">
    <system-out>
      <![CDATA[Welcome to login page]]>
    </system-out>
  </testcase> <!-- LoginWith_Valid_Credentials -->
  <testcase classname="testcases.Logintest" name="LoginWith_Valid_Credentials" time="7.068">
    <system-out>
      <![CDATA[Welcome to login page]]>
    </system-out>
  </testcase> <!-- LoginWith_Valid_Credentials -->
  <testcase classname="testcases.Logintest" name="LoginWith_Valid_Credentials" time="8.494">
    <system-out>
      <![CDATA[Welcome to login page]]>
    </system-out>
  </testcase> <!-- LoginWith_Valid_Credentials -->
  <system-out>
    <![CDATA[Welcome to login page
Welcome to login page
Welcome to login page
Welcome to login page]]>
  </system-out>
</testsuite> <!-- testcases.Logintest -->
